<?xml version="1.0" encoding="UTF-8"?>
<testsuite name="tests.TestAlerts" tests="1" skipped="0" failures="0" errors="0" timestamp="2022-05-25T08:07:11" hostname="DESKTOP-KF54E9L" time="12.691">
  <properties/>
  <testcase name="alertsBtn" classname="tests.TestAlerts" time="12.691"/>
  <system-out><![CDATA[11:07:10 INFO  tests.Base - Starts test named:--> alertsBtn
Please enter your name
11:07:24 INFO  tests.Base - Finished test named:--> alertsBtn
]]></system-out>
  <system-err><![CDATA[]]></system-err>
</testsuite>
