<?xml version="1.0" encoding="UTF-8"?>
<testsuite name="tests.DropAndDragTests" tests="4" skipped="0" failures="1" errors="0" timestamp="2022-09-21T15:23:28" hostname="DESKTOP-KF54E9L" time="76.638">
  <properties/>
  <testcase name="droppable" classname="tests.DropAndDragTests" time="2.983"/>
  <testcase name="droppable2" classname="tests.DropAndDragTests" time="0.712"/>
  <testcase name="droppableAccept" classname="tests.DropAndDragTests" time="1.277"/>
  <testcase name="droppableNotAccept" classname="tests.DropAndDragTests" time="14.054">
    <failure message="org.openqa.selenium.NoSuchElementException: no such element: Unable to locate element: {&quot;method&quot;:&quot;xpath&quot;,&quot;selector&quot;:&quot;//p[.='Dropped!']&quot;}&#10;  (Session info: chrome=105.0.5195.127)&#10;For documentation on this error, please visit: https://www.seleniumhq.org/exceptions/no_such_element.html&#10;Build info: version: '3.141.59', revision: 'e82be7d358', time: '2018-11-14T08:17:03'&#10;System info: host: 'DESKTOP-KF54E9L', ip: '192.168.42.119', os.name: 'Windows 10', os.arch: 'amd64', os.version: '10.0', java.version: '1.8.0_321'&#10;Driver info: org.openqa.selenium.chrome.ChromeDriver&#10;Capabilities {acceptInsecureCerts: false, browserName: chrome, browserVersion: 105.0.5195.127, chrome: {chromedriverVersion: 105.0.5195.52 (412c95e51883..., userDataDir: C:\Users\Olga\AppData\Local...}, goog:chromeOptions: {debuggerAddress: localhost:62168}, javascriptEnabled: true, networkConnectionEnabled: false, pageLoadStrategy: normal, platform: WINDOWS, platformName: WINDOWS, proxy: Proxy(), setWindowRect: true, strictFileInteractability: false, timeouts: {implicit: 0, pageLoad: 300000, script: 30000}, unhandledPromptBehavior: dismiss and notify, webauthn:extension:credBlob: true, webauthn:extension:largeBlob: true, webauthn:virtualAuthenticators: true}&#10;Session ID: 454bf236ec6cf85006a6d1571b4a116c&#10;*** Element info: {Using=xpath, value=//p[.='Dropped!']}" type="org.openqa.selenium.NoSuchElementException">org.openqa.selenium.NoSuchElementException: no such element: Unable to locate element: {&quot;method&quot;:&quot;xpath&quot;,&quot;selector&quot;:&quot;//p[.='Dropped!']&quot;}
  (Session info: chrome=105.0.5195.127)
For documentation on this error, please visit: https://www.seleniumhq.org/exceptions/no_such_element.html
Build info: version: '3.141.59', revision: 'e82be7d358', time: '2018-11-14T08:17:03'
System info: host: 'DESKTOP-KF54E9L', ip: '192.168.42.119', os.name: 'Windows 10', os.arch: 'amd64', os.version: '10.0', java.version: '1.8.0_321'
Driver info: org.openqa.selenium.chrome.ChromeDriver
Capabilities {acceptInsecureCerts: false, browserName: chrome, browserVersion: 105.0.5195.127, chrome: {chromedriverVersion: 105.0.5195.52 (412c95e51883..., userDataDir: C:\Users\Olga\AppData\Local...}, goog:chromeOptions: {debuggerAddress: localhost:62168}, javascriptEnabled: true, networkConnectionEnabled: false, pageLoadStrategy: normal, platform: WINDOWS, platformName: WINDOWS, proxy: Proxy(), setWindowRect: true, strictFileInteractability: false, timeouts: {implicit: 0, pageLoad: 300000, script: 30000}, unhandledPromptBehavior: dismiss and notify, webauthn:extension:credBlob: true, webauthn:extension:largeBlob: true, webauthn:virtualAuthenticators: true}
Session ID: 454bf236ec6cf85006a6d1571b4a116c
*** Element info: {Using=xpath, value=//p[.='Dropped!']}
	at manager.MyListener.onException(MyListener.java:38)
	at sun.reflect.NativeMethodAccessorImpl.invoke0(Native Method)
	at sun.reflect.NativeMethodAccessorImpl.invoke(NativeMethodAccessorImpl.java:62)
	at sun.reflect.DelegatingMethodAccessorImpl.invoke(DelegatingMethodAccessorImpl.java:43)
	at java.lang.reflect.Method.invoke(Method.java:498)
	at org.openqa.selenium.support.events.EventFiringWebDriver.lambda$new$0(EventFiringWebDriver.java:84)
	at com.sun.proxy.$Proxy12.onException(Unknown Source)
	at org.openqa.selenium.support.events.EventFiringWebDriver.lambda$new$1(EventFiringWebDriver.java:107)
	at com.sun.proxy.$Proxy13.findElement(Unknown Source)
	at org.openqa.selenium.support.events.EventFiringWebDriver.findElement(EventFiringWebDriver.java:194)
	at manager.ActionHelper.dropNotAcceptable(ActionHelper.java:105)
	at tests.DropAndDragTests.droppableNotAccept(DropAndDragTests.java:38)
	at sun.reflect.NativeMethodAccessorImpl.invoke0(Native Method)
	at sun.reflect.NativeMethodAccessorImpl.invoke(NativeMethodAccessorImpl.java:62)
	at sun.reflect.DelegatingMethodAccessorImpl.invoke(DelegatingMethodAccessorImpl.java:43)
	at java.lang.reflect.Method.invoke(Method.java:498)
	at org.testng.internal.MethodInvocationHelper.invokeMethod(MethodInvocationHelper.java:133)
	at org.testng.internal.TestInvoker.invokeMethod(TestInvoker.java:598)
	at org.testng.internal.TestInvoker.invokeTestMethod(TestInvoker.java:173)
	at org.testng.internal.MethodRunner.runInSequence(MethodRunner.java:46)
	at org.testng.internal.TestInvoker$MethodInvocationAgent.invoke(TestInvoker.java:824)
	at org.testng.internal.TestInvoker.invokeTestMethods(TestInvoker.java:146)
	at org.testng.internal.TestMethodWorker.invokeTestMethods(TestMethodWorker.java:146)
	at org.testng.internal.TestMethodWorker.run(TestMethodWorker.java:128)
	at java.util.ArrayList.forEach(ArrayList.java:1259)
	at org.testng.TestRunner.privateRun(TestRunner.java:794)
	at org.testng.TestRunner.run(TestRunner.java:596)
	at org.testng.SuiteRunner.runTest(SuiteRunner.java:377)
	at org.testng.SuiteRunner.runSequentially(SuiteRunner.java:371)
	at org.testng.SuiteRunner.privateRun(SuiteRunner.java:332)
	at org.testng.SuiteRunner.run(SuiteRunner.java:276)
	at org.testng.SuiteRunnerWorker.runSuite(SuiteRunnerWorker.java:53)
	at org.testng.SuiteRunnerWorker.run(SuiteRunnerWorker.java:96)
	at org.testng.TestNG.runSuitesSequentially(TestNG.java:1212)
	at org.testng.TestNG.runSuitesLocally(TestNG.java:1134)
	at org.testng.TestNG.runSuites(TestNG.java:1063)
	at org.testng.TestNG.run(TestNG.java:1031)
	at org.gradle.api.internal.tasks.testing.testng.TestNGTestClassProcessor.runTests(TestNGTestClassProcessor.java:141)
	at org.gradle.api.internal.tasks.testing.testng.TestNGTestClassProcessor.stop(TestNGTestClassProcessor.java:90)
	at org.gradle.api.internal.tasks.testing.SuiteTestClassProcessor.stop(SuiteTestClassProcessor.java:61)
	at sun.reflect.NativeMethodAccessorImpl.invoke0(Native Method)
	at sun.reflect.NativeMethodAccessorImpl.invoke(NativeMethodAccessorImpl.java:62)
	at sun.reflect.DelegatingMethodAccessorImpl.invoke(DelegatingMethodAccessorImpl.java:43)
	at java.lang.reflect.Method.invoke(Method.java:498)
	at org.gradle.internal.dispatch.ReflectionDispatch.dispatch(ReflectionDispatch.java:36)
	at org.gradle.internal.dispatch.ReflectionDispatch.dispatch(ReflectionDispatch.java:24)
	at org.gradle.internal.dispatch.ContextClassLoaderDispatch.dispatch(ContextClassLoaderDispatch.java:33)
	at org.gradle.internal.dispatch.ProxyDispatchAdapter$DispatchingInvocationHandler.invoke(ProxyDispatchAdapter.java:94)
	at com.sun.proxy.$Proxy2.stop(Unknown Source)
	at org.gradle.api.internal.tasks.testing.worker.TestWorker$3.run(TestWorker.java:193)
	at org.gradle.api.internal.tasks.testing.worker.TestWorker.executeAndMaintainThreadName(TestWorker.java:129)
	at org.gradle.api.internal.tasks.testing.worker.TestWorker.execute(TestWorker.java:100)
	at org.gradle.api.internal.tasks.testing.worker.TestWorker.execute(TestWorker.java:60)
	at org.gradle.process.internal.worker.child.ActionExecutionWorker.execute(ActionExecutionWorker.java:56)
	at org.gradle.process.internal.worker.child.SystemApplicationClassLoaderWorker.call(SystemApplicationClassLoaderWorker.java:133)
	at org.gradle.process.internal.worker.child.SystemApplicationClassLoaderWorker.call(SystemApplicationClassLoaderWorker.java:71)
	at worker.org.gradle.process.internal.worker.GradleWorkerMain.run(GradleWorkerMain.java:69)
	at worker.org.gradle.process.internal.worker.GradleWorkerMain.main(GradleWorkerMain.java:74)
</failure>
  </testcase>
  <system-out><![CDATA[18:23:27 INFO  manager.MyListener - Start to find element with locator-->By.xpath: //h5[.='Interactions']
18:23:27 INFO  manager.MyListener - Element with locator-->By.xpath: //h5[.='Interactions'] was found
18:23:28 INFO  tests.Base - Starts test named:--> droppable
18:23:28 INFO  manager.MyListener - Start to find element with locator-->By.xpath: //li[.='Droppable']
18:23:28 INFO  manager.MyListener - Element with locator-->By.xpath: //li[.='Droppable'] was found
18:23:30 INFO  manager.MyListener - Start to find element with locator-->By.cssSelector: div[id='draggable']
18:23:30 INFO  manager.MyListener - Element with locator-->By.cssSelector: div[id='draggable'] was found
18:23:30 INFO  manager.MyListener - Start to find element with locator-->By.cssSelector: div#simpleDropContainer div#droppable
18:23:30 INFO  manager.MyListener - Element with locator-->By.cssSelector: div#simpleDropContainer div#droppable was found
18:23:31 INFO  manager.MyListener - Start to find element with locator-->By.xpath: //p[.='Dropped!']
18:23:31 INFO  manager.MyListener - Element with locator-->By.xpath: //p[.='Dropped!'] was found
18:23:43 INFO  tests.Base - Finished test named:--> droppable
18:23:43 INFO  tests.Base - Starts test named:--> droppable2
18:23:43 INFO  manager.MyListener - Start to find element with locator-->By.cssSelector: div[id='draggable']
18:23:43 INFO  manager.MyListener - Element with locator-->By.cssSelector: div[id='draggable'] was found
18:23:43 INFO  manager.MyListener - Start to find element with locator-->By.cssSelector: div#simpleDropContainer div#droppable
18:23:43 INFO  manager.MyListener - Element with locator-->By.cssSelector: div#simpleDropContainer div#droppable was found
18:23:44 INFO  manager.MyListener - Start to find element with locator-->By.xpath: //p[.='Dropped!']
18:23:44 INFO  manager.MyListener - Element with locator-->By.xpath: //p[.='Dropped!'] was found
18:24:29 INFO  tests.Base - Finished test named:--> droppable2
18:24:29 INFO  tests.Base - Starts test named:--> droppableAccept
18:24:29 INFO  manager.MyListener - Start to find element with locator-->By.xpath: //a[.='Accept']
18:24:29 INFO  manager.MyListener - Element with locator-->By.xpath: //a[.='Accept'] was found
18:24:29 INFO  manager.MyListener - Start to find element with locator-->By.xpath: //a[.='Accept']
18:24:29 INFO  manager.MyListener - Element with locator-->By.xpath: //a[.='Accept'] was found
18:24:30 INFO  manager.MyListener - Start to find element with locator-->By.id: acceptable
18:24:30 INFO  manager.MyListener - Element with locator-->By.id: acceptable was found
18:24:30 INFO  manager.MyListener - Start to find element with locator-->By.cssSelector: div[id='acceptDropContainer'] div#droppable
18:24:30 INFO  manager.MyListener - Element with locator-->By.cssSelector: div[id='acceptDropContainer'] div#droppable was found
18:24:30 INFO  manager.MyListener - Start to find element with locator-->By.xpath: //p[.='Dropped!']
18:24:31 INFO  manager.MyListener - Element with locator-->By.xpath: //p[.='Dropped!'] was found
18:24:31 INFO  tests.Base - Finished test named:--> droppableAccept
18:24:31 INFO  tests.Base - Starts test named:--> droppableNotAccept
18:24:31 INFO  manager.MyListener - Start to find element with locator-->By.xpath: //a[.='Accept']
18:24:38 INFO  manager.MyListener - Element with locator-->By.xpath: //a[.='Accept'] was found
18:24:38 INFO  manager.MyListener - Start to find element with locator-->By.xpath: //a[.='Accept']
18:24:38 INFO  manager.MyListener - Element with locator-->By.xpath: //a[.='Accept'] was found
18:24:39 INFO  manager.MyListener - Start to find element with locator-->By.id: notAcceptable
18:24:39 INFO  manager.MyListener - Element with locator-->By.id: notAcceptable was found
18:24:39 INFO  manager.MyListener - Start to find element with locator-->By.cssSelector: div[id='acceptDropContainer'] div#droppable
18:24:39 INFO  manager.MyListener - Element with locator-->By.cssSelector: div[id='acceptDropContainer'] div#droppable was found
18:24:39 INFO  manager.MyListener - Start to find element with locator-->By.xpath: //p[.='Dropped!']
18:24:44 INFO  manager.MyListener - Something went wrong-->https://demoqa.com/droppable
18:24:44 INFO  manager.MyListener - no such element: Unable to locate element: {"method":"xpath","selector":"//p[.='Dropped!']"}
  (Session info: chrome=105.0.5195.127)
For documentation on this error, please visit: https://www.seleniumhq.org/exceptions/no_such_element.html
Build info: version: '3.141.59', revision: 'e82be7d358', time: '2018-11-14T08:17:03'
System info: host: 'DESKTOP-KF54E9L', ip: '192.168.42.119', os.name: 'Windows 10', os.arch: 'amd64', os.version: '10.0', java.version: '1.8.0_321'
Driver info: org.openqa.selenium.chrome.ChromeDriver
Capabilities {acceptInsecureCerts: false, browserName: chrome, browserVersion: 105.0.5195.127, chrome: {chromedriverVersion: 105.0.5195.52 (412c95e51883..., userDataDir: C:\Users\Olga\AppData\Local...}, goog:chromeOptions: {debuggerAddress: localhost:62168}, javascriptEnabled: true, networkConnectionEnabled: false, pageLoadStrategy: normal, platform: WINDOWS, platformName: WINDOWS, proxy: Proxy(), setWindowRect: true, strictFileInteractability: false, timeouts: {implicit: 0, pageLoad: 300000, script: 30000}, unhandledPromptBehavior: dismiss and notify, webauthn:extension:credBlob: true, webauthn:extension:largeBlob: true, webauthn:virtualAuthenticators: true}
Session ID: 454bf236ec6cf85006a6d1571b4a116c
*** Element info: {Using=xpath, value=//p[.='Dropped!']}
18:24:44 INFO  manager.MyListener - org.openqa.selenium.NoSuchElementException: no such element: Unable to locate element: {"method":"xpath","selector":"//p[.='Dropped!']"}
  (Session info: chrome=105.0.5195.127)
For documentation on this error, please visit: https://www.seleniumhq.org/exceptions/no_such_element.html
Build info: version: '3.141.59', revision: 'e82be7d358', time: '2018-11-14T08:17:03'
System info: host: 'DESKTOP-KF54E9L', ip: '192.168.42.119', os.name: 'Windows 10', os.arch: 'amd64', os.version: '10.0', java.version: '1.8.0_321'
Driver info: org.openqa.selenium.chrome.ChromeDriver
Capabilities {acceptInsecureCerts: false, browserName: chrome, browserVersion: 105.0.5195.127, chrome: {chromedriverVersion: 105.0.5195.52 (412c95e51883..., userDataDir: C:\Users\Olga\AppData\Local...}, goog:chromeOptions: {debuggerAddress: localhost:62168}, javascriptEnabled: true, networkConnectionEnabled: false, pageLoadStrategy: normal, platform: WINDOWS, platformName: WINDOWS, proxy: Proxy(), setWindowRect: true, strictFileInteractability: false, timeouts: {implicit: 0, pageLoad: 300000, script: 30000}, unhandledPromptBehavior: dismiss and notify, webauthn:extension:credBlob: true, webauthn:extension:largeBlob: true, webauthn:virtualAuthenticators: true}
Session ID: 454bf236ec6cf85006a6d1571b4a116c
*** Element info: {Using=xpath, value=//p[.='Dropped!']}
18:24:45 INFO  tests.Base - Finished test named:--> droppableNotAccept
]]></system-out>
  <system-err><![CDATA[]]></system-err>
</testsuite>
