<?xml version="1.0" encoding="UTF-8"?>
<testsuite name="tests.Stam" tests="1" skipped="0" failures="0" errors="0" timestamp="2022-09-01T18:28:11" hostname="ARTEMKA" time="20.701">
  <properties/>
  <testcase name="testo" classname="tests.Stam" time="20.701"/>
  <system-out><![CDATA[21:28:11 INFO  tests.Base - Starts test named:--> testo
21:28:11 INFO  manager.MyListener - Start to find element with locator-->By.cssSelector: input[name='username']
21:28:11 INFO  manager.MyListener - Element with locator-->By.cssSelector: input[name='username'] was found
21:28:11 INFO  manager.MyListener - Start to find element with locator-->By.cssSelector: input[name='password']
21:28:11 INFO  manager.MyListener - Element with locator-->By.cssSelector: input[name='password'] was found
21:28:11 INFO  manager.MyListener - Start to find element with locator-->By.cssSelector: input[name='login']
21:28:11 INFO  manager.MyListener - Element with locator-->By.cssSelector: input[name='login'] was found
21:28:16 INFO  manager.MyListener - Start to find element with locator-->By.cssSelector: a[href='/my_plans.php']
21:28:16 INFO  manager.MyListener - Element with locator-->By.cssSelector: a[href='/my_plans.php'] was found
21:28:19 INFO  manager.MyListener - Start to find element with locator-->By.xpath: //li[@data-href='/pbl/edit_info.php?id=501349']/a
21:28:19 INFO  manager.MyListener - Element with locator-->By.xpath: //li[@data-href='/pbl/edit_info.php?id=501349']/a was found
21:28:22 INFO  manager.MyListener - Start to find element with locator-->By.cssSelector: div[class='lead-name']
21:28:22 INFO  manager.MyListener - Element with locator-->By.cssSelector: div[class='lead-name'] was found
21:28:22 INFO  manager.MyListener - Start to find element with locator-->By.cssSelector: div[class='selected-categories-list'] div
21:28:22 INFO  manager.MyListener - Element with locator-->By.cssSelector: div[class='selected-categories-list'] div was found
1
21:28:22 INFO  manager.MyListener - Start to find element with locator-->By.cssSelector: div[class='suggested-categories-list'] div[class='category-item ']:nth-child(1) input
21:28:22 INFO  manager.MyListener - Element with locator-->By.cssSelector: div[class='suggested-categories-list'] div[class='category-item ']:nth-child(1) input was found
21:28:32 INFO  manager.MyListener - Start to find element with locator-->By.cssSelector: div[class='selected-categories-list'] div
21:28:32 INFO  manager.MyListener - Element with locator-->By.cssSelector: div[class='selected-categories-list'] div was found
2
21:28:32 INFO  tests.Base - Finished test named:--> testo
]]></system-out>
  <system-err><![CDATA[]]></system-err>
</testsuite>
