<?xml version="1.0" encoding="UTF-8"?>
<testsuite name="tests.TestCalender" tests="1" skipped="0" failures="1" errors="0" timestamp="2022-06-02T10:44:36" hostname="DESKTOP-KF54E9L" time="11.451">
  <properties/>
  <testcase name="fillStudentRegistrationForm" classname="tests.TestCalender" time="11.451">
    <failure message="org.openqa.selenium.TimeoutException: Expected condition failed: waiting for element to be clickable: By.xpath: //*[@value='Male'] (tried for 10 second(s) with 500 milliseconds interval)&#10;Build info: version: '3.141.59', revision: 'e82be7d358', time: '2018-11-14T08:17:03'&#10;System info: host: 'DESKTOP-KF54E9L', ip: '192.168.42.124', os.name: 'Windows 10', os.arch: 'amd64', os.version: '10.0', java.version: '1.8.0_321'&#10;Driver info: org.openqa.selenium.support.events.EventFiringWebDriver&#10;Capabilities {acceptInsecureCerts: false, browserName: chrome, browserVersion: 102.0.5005.63, chrome: {chromedriverVersion: 101.0.4951.41 (93c720db8323..., userDataDir: C:\Users\Olga\AppData\Local...}, goog:chromeOptions: {debuggerAddress: localhost:54458}, javascriptEnabled: true, networkConnectionEnabled: false, pageLoadStrategy: normal, platform: WINDOWS, platformName: WINDOWS, proxy: Proxy(), setWindowRect: true, strictFileInteractability: false, timeouts: {implicit: 0, pageLoad: 300000, script: 30000}, unhandledPromptBehavior: dismiss and notify, webauthn:extension:credBlob: true, webauthn:extension:largeBlob: true, webauthn:virtualAuthenticators: true}&#10;Session ID: 1314ffd9b54663f3158f17a5b367d241" type="org.openqa.selenium.TimeoutException">org.openqa.selenium.TimeoutException: Expected condition failed: waiting for element to be clickable: By.xpath: //*[@value='Male'] (tried for 10 second(s) with 500 milliseconds interval)
Build info: version: '3.141.59', revision: 'e82be7d358', time: '2018-11-14T08:17:03'
System info: host: 'DESKTOP-KF54E9L', ip: '192.168.42.124', os.name: 'Windows 10', os.arch: 'amd64', os.version: '10.0', java.version: '1.8.0_321'
Driver info: org.openqa.selenium.support.events.EventFiringWebDriver
Capabilities {acceptInsecureCerts: false, browserName: chrome, browserVersion: 102.0.5005.63, chrome: {chromedriverVersion: 101.0.4951.41 (93c720db8323..., userDataDir: C:\Users\Olga\AppData\Local...}, goog:chromeOptions: {debuggerAddress: localhost:54458}, javascriptEnabled: true, networkConnectionEnabled: false, pageLoadStrategy: normal, platform: WINDOWS, platformName: WINDOWS, proxy: Proxy(), setWindowRect: true, strictFileInteractability: false, timeouts: {implicit: 0, pageLoad: 300000, script: 30000}, unhandledPromptBehavior: dismiss and notify, webauthn:extension:credBlob: true, webauthn:extension:largeBlob: true, webauthn:virtualAuthenticators: true}
Session ID: 1314ffd9b54663f3158f17a5b367d241
	at org.openqa.selenium.support.ui.WebDriverWait.timeoutException(WebDriverWait.java:95)
	at org.openqa.selenium.support.ui.FluentWait.until(FluentWait.java:272)
	at manager.HelperCalender.chooseGender(HelperCalender.java:33)
	at manager.HelperCalender.fillRegistForm(HelperCalender.java:19)
	at tests.TestCalender.fillStudentRegistrationForm(TestCalender.java:25)
	at sun.reflect.NativeMethodAccessorImpl.invoke0(Native Method)
	at sun.reflect.NativeMethodAccessorImpl.invoke(NativeMethodAccessorImpl.java:62)
	at sun.reflect.DelegatingMethodAccessorImpl.invoke(DelegatingMethodAccessorImpl.java:43)
	at java.lang.reflect.Method.invoke(Method.java:498)
	at org.testng.internal.MethodInvocationHelper.invokeMethod(MethodInvocationHelper.java:133)
	at org.testng.internal.TestInvoker.invokeMethod(TestInvoker.java:598)
	at org.testng.internal.TestInvoker.invokeTestMethod(TestInvoker.java:173)
	at org.testng.internal.MethodRunner.runInSequence(MethodRunner.java:46)
	at org.testng.internal.TestInvoker$MethodInvocationAgent.invoke(TestInvoker.java:824)
	at org.testng.internal.TestInvoker.invokeTestMethods(TestInvoker.java:146)
	at org.testng.internal.TestMethodWorker.invokeTestMethods(TestMethodWorker.java:146)
	at org.testng.internal.TestMethodWorker.run(TestMethodWorker.java:128)
	at java.util.ArrayList.forEach(ArrayList.java:1259)
	at org.testng.TestRunner.privateRun(TestRunner.java:794)
	at org.testng.TestRunner.run(TestRunner.java:596)
	at org.testng.SuiteRunner.runTest(SuiteRunner.java:377)
	at org.testng.SuiteRunner.runSequentially(SuiteRunner.java:371)
	at org.testng.SuiteRunner.privateRun(SuiteRunner.java:332)
	at org.testng.SuiteRunner.run(SuiteRunner.java:276)
	at org.testng.SuiteRunnerWorker.runSuite(SuiteRunnerWorker.java:53)
	at org.testng.SuiteRunnerWorker.run(SuiteRunnerWorker.java:96)
	at org.testng.TestNG.runSuitesSequentially(TestNG.java:1212)
	at org.testng.TestNG.runSuitesLocally(TestNG.java:1134)
	at org.testng.TestNG.runSuites(TestNG.java:1063)
	at org.testng.TestNG.run(TestNG.java:1031)
	at org.gradle.api.internal.tasks.testing.testng.TestNGTestClassProcessor.runTests(TestNGTestClassProcessor.java:141)
	at org.gradle.api.internal.tasks.testing.testng.TestNGTestClassProcessor.stop(TestNGTestClassProcessor.java:90)
	at org.gradle.api.internal.tasks.testing.SuiteTestClassProcessor.stop(SuiteTestClassProcessor.java:61)
	at sun.reflect.NativeMethodAccessorImpl.invoke0(Native Method)
	at sun.reflect.NativeMethodAccessorImpl.invoke(NativeMethodAccessorImpl.java:62)
	at sun.reflect.DelegatingMethodAccessorImpl.invoke(DelegatingMethodAccessorImpl.java:43)
	at java.lang.reflect.Method.invoke(Method.java:498)
	at org.gradle.internal.dispatch.ReflectionDispatch.dispatch(ReflectionDispatch.java:36)
	at org.gradle.internal.dispatch.ReflectionDispatch.dispatch(ReflectionDispatch.java:24)
	at org.gradle.internal.dispatch.ContextClassLoaderDispatch.dispatch(ContextClassLoaderDispatch.java:33)
	at org.gradle.internal.dispatch.ProxyDispatchAdapter$DispatchingInvocationHandler.invoke(ProxyDispatchAdapter.java:94)
	at com.sun.proxy.$Proxy2.stop(Unknown Source)
	at org.gradle.api.internal.tasks.testing.worker.TestWorker$3.run(TestWorker.java:193)
	at org.gradle.api.internal.tasks.testing.worker.TestWorker.executeAndMaintainThreadName(TestWorker.java:129)
	at org.gradle.api.internal.tasks.testing.worker.TestWorker.execute(TestWorker.java:100)
	at org.gradle.api.internal.tasks.testing.worker.TestWorker.execute(TestWorker.java:60)
	at org.gradle.process.internal.worker.child.ActionExecutionWorker.execute(ActionExecutionWorker.java:56)
	at org.gradle.process.internal.worker.child.SystemApplicationClassLoaderWorker.call(SystemApplicationClassLoaderWorker.java:133)
	at org.gradle.process.internal.worker.child.SystemApplicationClassLoaderWorker.call(SystemApplicationClassLoaderWorker.java:71)
	at worker.org.gradle.process.internal.worker.GradleWorkerMain.run(GradleWorkerMain.java:69)
	at worker.org.gradle.process.internal.worker.GradleWorkerMain.main(GradleWorkerMain.java:74)
</failure>
  </testcase>
  <system-out><![CDATA[13:44:35 INFO  manager.MyListener - Start to find element with locator-->By.xpath: //*[text()='Forms']
13:44:35 INFO  manager.MyListener - Element with locator-->By.xpath: //*[text()='Forms'] was found
13:44:36 INFO  manager.MyListener - Start to find element with locator-->By.cssSelector: div.element-list.collapse.show
13:44:36 INFO  manager.MyListener - Element with locator-->By.cssSelector: div.element-list.collapse.show was found
13:44:36 INFO  tests.Base - Starts test named:--> fillStudentRegistrationForm
13:44:36 INFO  manager.MyListener - Start to find element with locator-->By.id: firstName
13:44:36 INFO  manager.MyListener - Element with locator-->By.id: firstName was found
13:44:36 INFO  manager.MyListener - Start to find element with locator-->By.id: lastName
13:44:36 INFO  manager.MyListener - Element with locator-->By.id: lastName was found
13:44:37 INFO  manager.MyListener - Start to find element with locator-->By.id: userEmail
13:44:37 INFO  manager.MyListener - Element with locator-->By.id: userEmail was found
13:44:37 INFO  manager.MyListener - Start to find element with locator-->By.xpath: //*[@value='Male']
13:44:37 INFO  manager.MyListener - Element with locator-->By.xpath: //*[@value='Male'] was found
13:44:38 INFO  manager.MyListener - Start to find element with locator-->By.xpath: //*[@value='Male']
13:44:38 INFO  manager.MyListener - Element with locator-->By.xpath: //*[@value='Male'] was found
13:44:39 INFO  manager.MyListener - Start to find element with locator-->By.xpath: //*[@value='Male']
13:44:39 INFO  manager.MyListener - Element with locator-->By.xpath: //*[@value='Male'] was found
13:44:39 INFO  manager.MyListener - Start to find element with locator-->By.xpath: //*[@value='Male']
13:44:39 INFO  manager.MyListener - Element with locator-->By.xpath: //*[@value='Male'] was found
13:44:40 INFO  manager.MyListener - Start to find element with locator-->By.xpath: //*[@value='Male']
13:44:40 INFO  manager.MyListener - Element with locator-->By.xpath: //*[@value='Male'] was found
13:44:40 INFO  manager.MyListener - Start to find element with locator-->By.xpath: //*[@value='Male']
13:44:40 INFO  manager.MyListener - Element with locator-->By.xpath: //*[@value='Male'] was found
13:44:41 INFO  manager.MyListener - Start to find element with locator-->By.xpath: //*[@value='Male']
13:44:41 INFO  manager.MyListener - Element with locator-->By.xpath: //*[@value='Male'] was found
13:44:42 INFO  manager.MyListener - Start to find element with locator-->By.xpath: //*[@value='Male']
13:44:42 INFO  manager.MyListener - Element with locator-->By.xpath: //*[@value='Male'] was found
13:44:42 INFO  manager.MyListener - Start to find element with locator-->By.xpath: //*[@value='Male']
13:44:42 INFO  manager.MyListener - Element with locator-->By.xpath: //*[@value='Male'] was found
13:44:43 INFO  manager.MyListener - Start to find element with locator-->By.xpath: //*[@value='Male']
13:44:43 INFO  manager.MyListener - Element with locator-->By.xpath: //*[@value='Male'] was found
13:44:43 INFO  manager.MyListener - Start to find element with locator-->By.xpath: //*[@value='Male']
13:44:43 INFO  manager.MyListener - Element with locator-->By.xpath: //*[@value='Male'] was found
13:44:44 INFO  manager.MyListener - Start to find element with locator-->By.xpath: //*[@value='Male']
13:44:44 INFO  manager.MyListener - Element with locator-->By.xpath: //*[@value='Male'] was found
13:44:44 INFO  manager.MyListener - Start to find element with locator-->By.xpath: //*[@value='Male']
13:44:44 INFO  manager.MyListener - Element with locator-->By.xpath: //*[@value='Male'] was found
13:44:45 INFO  manager.MyListener - Start to find element with locator-->By.xpath: //*[@value='Male']
13:44:45 INFO  manager.MyListener - Element with locator-->By.xpath: //*[@value='Male'] was found
13:44:46 INFO  manager.MyListener - Start to find element with locator-->By.xpath: //*[@value='Male']
13:44:46 INFO  manager.MyListener - Element with locator-->By.xpath: //*[@value='Male'] was found
13:44:46 INFO  manager.MyListener - Start to find element with locator-->By.xpath: //*[@value='Male']
13:44:46 INFO  manager.MyListener - Element with locator-->By.xpath: //*[@value='Male'] was found
13:44:47 INFO  manager.MyListener - Start to find element with locator-->By.xpath: //*[@value='Male']
13:44:47 INFO  manager.MyListener - Element with locator-->By.xpath: //*[@value='Male'] was found
13:44:47 INFO  manager.MyListener - Start to find element with locator-->By.xpath: //*[@value='Male']
13:44:47 INFO  manager.MyListener - Element with locator-->By.xpath: //*[@value='Male'] was found
13:44:47 INFO  tests.Base - Finished test named:--> fillStudentRegistrationForm
]]></system-out>
  <system-err><![CDATA[]]></system-err>
</testsuite>
